<?xml version="1.0" encoding="UTF-8"?>
<!-- Generated by org.testng.reporters.JUnitReportReporter -->
<testsuite hostname="Jashwanth977" failures="0" tests="11" name="com.justdial.testcases.HomepageTestCases" time="4.274" errors="1" timestamp="2021-07-22T13:54:46 IST" skipped="10">
  <testcase classname="com.justdial.testcases.HomepageTestCases" name="Browser" time="4.274">
    <error message="session not created: This version of ChromeDriver only supports Chrome version 90
Current browser version is 92.0.4515.107 with binary path C:\Program Files\Google\Chrome\Application\chrome.exe
Build info: version: &#039;3.141.59&#039;, revision: &#039;e82be7d358&#039;, time: &#039;2018-11-14T08:17:03&#039;
System info: host: &#039;JASHWANTH977&#039;, ip: &#039;192.168.0.199&#039;, os.name: &#039;Windows 10&#039;, os.arch: &#039;amd64&#039;, os.version: &#039;10.0&#039;, java.version: &#039;16.0.1&#039;
Driver info: driver.version: ChromeDriver
remote stacktrace: Backtrace:
	Ordinal0 [0x00A1C013+2474003]
	Ordinal0 [0x009B29C1+2042305]
	Ordinal0 [0x008C2F68+1060712]
	Ordinal0 [0x008E188E+1185934]
	Ordinal0 [0x008DD600+1168896]
	Ordinal0 [0x008DAA83+1157763]
	Ordinal0 [0x0090A2A2+1352354]
	Ordinal0 [0x00908FAA+1347498]
	Ordinal0 [0x009066DB+1337051]
	Ordinal0 [0x008E3427+1192999]
	Ordinal0 [0x008E42EE+1196782]
	Ordinal0 [0x008E4279+1196665]
	GetHandleVerifier [0x00BA96FC+1590332]
	GetHandleVerifier [0x00C58614+2306900]
	GetHandleVerifier [0x00AA9E93+543699]
	GetHandleVerifier [0x00AA92CE+540686]
	Ordinal0 [0x009B86BA+2066106]
	Ordinal0 [0x009BD1C8+2085320]
	Ordinal0 [0x009BD308+2085640]
	Ordinal0 [0x009C67F3+2123763]
	BaseThreadInitThunk [0x74EDFA29+25]
	RtlGetAppContainerNamedObjectPath [0x77077A7E+286]
	RtlGetAppContainerNamedObjectPath [0x77077A4E+238]
" type="org.openqa.selenium.SessionNotCreatedException">
      <![CDATA[org.openqa.selenium.SessionNotCreatedException: session not created: This version of ChromeDriver only supports Chrome version 90
Current browser version is 92.0.4515.107 with binary path C:\Program Files\Google\Chrome\Application\chrome.exe
Build info: version: '3.141.59', revision: 'e82be7d358', time: '2018-11-14T08:17:03'
System info: host: 'JASHWANTH977', ip: '192.168.0.199', os.name: 'Windows 10', os.arch: 'amd64', os.version: '10.0', java.version: '16.0.1'
Driver info: driver.version: ChromeDriver
remote stacktrace: Backtrace:
Ordinal0 [0x00A1C013+2474003]
Ordinal0 [0x009B29C1+2042305]
Ordinal0 [0x008C2F68+1060712]
Ordinal0 [0x008E188E+1185934]
Ordinal0 [0x008DD600+1168896]
Ordinal0 [0x008DAA83+1157763]
Ordinal0 [0x0090A2A2+1352354]
Ordinal0 [0x00908FAA+1347498]
Ordinal0 [0x009066DB+1337051]
Ordinal0 [0x008E3427+1192999]
Ordinal0 [0x008E42EE+1196782]
Ordinal0 [0x008E4279+1196665]
GetHandleVerifier [0x00BA96FC+1590332]
GetHandleVerifier [0x00C58614+2306900]
GetHandleVerifier [0x00AA9E93+543699]
GetHandleVerifier [0x00AA92CE+540686]
Ordinal0 [0x009B86BA+2066106]
Ordinal0 [0x009BD1C8+2085320]
Ordinal0 [0x009BD308+2085640]
Ordinal0 [0x009C67F3+2123763]
BaseThreadInitThunk [0x74EDFA29+25]
RtlGetAppContainerNamedObjectPath [0x77077A7E+286]
RtlGetAppContainerNamedObjectPath [0x77077A4E+238]

at java.base/jdk.internal.reflect.NativeConstructorAccessorImpl.newInstance0(Native Method)
at java.base/jdk.internal.reflect.NativeConstructorAccessorImpl.newInstance(NativeConstructorAccessorImpl.java:78)
at java.base/jdk.internal.reflect.DelegatingConstructorAccessorImpl.newInstance(DelegatingConstructorAccessorImpl.java:45)
at java.base/java.lang.reflect.Constructor.newInstanceWithCaller(Constructor.java:499)
at java.base/java.lang.reflect.Constructor.newInstance(Constructor.java:480)
at org.openqa.selenium.remote.W3CHandshakeResponse.lambda$errorHandler$0(W3CHandshakeResponse.java:62)
at org.openqa.selenium.remote.HandshakeResponse.lambda$getResponseFunction$0(HandshakeResponse.java:30)
at org.openqa.selenium.remote.ProtocolHandshake.lambda$createSession$0(ProtocolHandshake.java:126)
at java.base/java.util.stream.ReferencePipeline$3$1.accept(ReferencePipeline.java:197)
at java.base/java.util.Spliterators$ArraySpliterator.tryAdvance(Spliterators.java:958)
at java.base/java.util.stream.ReferencePipeline.forEachWithCancel(ReferencePipeline.java:129)
at java.base/java.util.stream.AbstractPipeline.copyIntoWithCancel(AbstractPipeline.java:502)
at java.base/java.util.stream.AbstractPipeline.copyInto(AbstractPipeline.java:488)
at java.base/java.util.stream.AbstractPipeline.wrapAndCopyInto(AbstractPipeline.java:474)
at java.base/java.util.stream.FindOps$FindOp.evaluateSequential(FindOps.java:150)
at java.base/java.util.stream.AbstractPipeline.evaluate(AbstractPipeline.java:234)
at java.base/java.util.stream.ReferencePipeline.findFirst(ReferencePipeline.java:647)
at org.openqa.selenium.remote.ProtocolHandshake.createSession(ProtocolHandshake.java:128)
at org.openqa.selenium.remote.ProtocolHandshake.createSession(ProtocolHandshake.java:74)
at org.openqa.selenium.remote.HttpCommandExecutor.execute(HttpCommandExecutor.java:136)
at org.openqa.selenium.remote.service.DriverCommandExecutor.execute(DriverCommandExecutor.java:83)
at org.openqa.selenium.remote.RemoteWebDriver.execute(RemoteWebDriver.java:552)
at org.openqa.selenium.remote.RemoteWebDriver.startSession(RemoteWebDriver.java:213)
at org.openqa.selenium.remote.RemoteWebDriver.<init>(RemoteWebDriver.java:131)
at org.openqa.selenium.chrome.ChromeDriver.<init>(ChromeDriver.java:181)
at org.openqa.selenium.chrome.ChromeDriver.<init>(ChromeDriver.java:168)
at org.openqa.selenium.chrome.ChromeDriver.<init>(ChromeDriver.java:157)
at com.justdial.homepage.Homepage.setup(Homepage.java:51)
at com.justdial.testcases.HomepageTestCases.Browser(HomepageTestCases.java:23)
at java.base/jdk.internal.reflect.NativeMethodAccessorImpl.invoke0(Native Method)
at java.base/jdk.internal.reflect.NativeMethodAccessorImpl.invoke(NativeMethodAccessorImpl.java:78)
at java.base/jdk.internal.reflect.DelegatingMethodAccessorImpl.invoke(DelegatingMethodAccessorImpl.java:43)
at java.base/java.lang.reflect.Method.invoke(Method.java:567)
at org.testng.internal.MethodInvocationHelper.invokeMethod(MethodInvocationHelper.java:133)
at org.testng.internal.MethodInvocationHelper.invokeMethodConsideringTimeout(MethodInvocationHelper.java:62)
at org.testng.internal.ConfigInvoker.invokeConfigurationMethod(ConfigInvoker.java:385)
at org.testng.internal.ConfigInvoker.invokeConfigurations(ConfigInvoker.java:321)
at org.testng.internal.TestMethodWorker.invokeBeforeClassMethods(TestMethodWorker.java:176)
at org.testng.internal.TestMethodWorker.run(TestMethodWorker.java:122)
at java.base/java.util.ArrayList.forEach(ArrayList.java:1511)
at org.testng.TestRunner.privateRun(TestRunner.java:794)
at org.testng.TestRunner.run(TestRunner.java:596)
at org.testng.SuiteRunner.runTest(SuiteRunner.java:377)
at org.testng.SuiteRunner.runSequentially(SuiteRunner.java:371)
at org.testng.SuiteRunner.privateRun(SuiteRunner.java:332)
at org.testng.SuiteRunner.run(SuiteRunner.java:276)
at org.testng.SuiteRunnerWorker.runSuite(SuiteRunnerWorker.java:53)
at org.testng.SuiteRunnerWorker.run(SuiteRunnerWorker.java:96)
at org.testng.TestNG.runSuitesSequentially(TestNG.java:1212)
at org.testng.TestNG.runSuitesLocally(TestNG.java:1134)
at org.testng.TestNG.runSuites(TestNG.java:1063)
at org.testng.TestNG.run(TestNG.java:1031)
at org.testng.remote.AbstractRemoteTestNG.run(AbstractRemoteTestNG.java:115)
at org.testng.remote.RemoteTestNG.initAndRun(RemoteTestNG.java:251)
at org.testng.remote.RemoteTestNG.main(RemoteTestNG.java:77)
]]>
    </error>
  </testcase> <!-- Browser -->
  <system-out/>
  <testcase classname="com.justdial.testcases.HomepageTestCases" name="websiteTest" time="0.000">
    <skipped/>
  </testcase> <!-- websiteTest -->
  <system-out/>
  <testcase classname="com.justdial.testcases.HomepageTestCases" name="elementsTest" time="0.000">
    <skipped/>
  </testcase> <!-- elementsTest -->
  <system-out/>
  <testcase classname="com.justdial.testcases.HomepageTestCases" name="loginPageTest" time="0.000">
    <skipped/>
  </testcase> <!-- loginPageTest -->
  <system-out/>
  <testcase classname="com.justdial.testcases.HomepageTestCases" name="locationTest" time="0.000">
    <skipped/>
  </testcase> <!-- locationTest -->
  <system-out/>
  <testcase classname="com.justdial.testcases.HomepageTestCases" name="searchingTest" time="0.000">
    <skipped/>
  </testcase> <!-- searchingTest -->
  <system-out/>
  <testcase classname="com.justdial.testcases.HomepageTestCases" name="resultPageTest" time="0.000">
    <skipped/>
  </testcase> <!-- resultPageTest -->
  <system-out/>
  <testcase classname="com.justdial.testcases.HomepageTestCases" name="bestdealsTest" time="0.000">
    <skipped/>
  </testcase> <!-- bestdealsTest -->
  <system-out/>
  <testcase classname="com.justdial.testcases.HomepageTestCases" name="ratingCheck" time="0.000">
    <skipped/>
  </testcase> <!-- ratingCheck -->
  <system-out/>
  <testcase classname="com.justdial.testcases.HomepageTestCases" name="printData" time="0.000">
    <skipped/>
  </testcase> <!-- printData -->
  <system-out/>
  <testcase classname="com.justdial.testcases.HomepageTestCases" name="dataFromMenubar" time="0.000">
    <skipped/>
  </testcase> <!-- dataFromMenubar -->
  <system-out/>
</testsuite> <!-- com.justdial.testcases.HomepageTestCases -->
